SF:lib/src/shared/models/user.dart
DA:9,3
DA:17,0
DA:23,0
DA:24,0
DA:25,0
DA:26,0
DA:27,0
DA:31,0
DA:32,0
DA:33,0
DA:34,0
DA:35,0
DA:36,0
DA:37,0
DA:41,1
DA:42,1
DA:43,2
DA:44,1
DA:45,1
DA:46,1
DA:47,2
DA:48,2
DA:49,1
DA:53,0
DA:55,0
DA:56,0
DA:58,1
DA:60,4
DA:62,1
DA:66,0
DA:67,0
DA:68,0
DA:69,0
DA:72,0
DA:73,0
LF:35
LH:13
end_of_record
SF:lib/src/home/home/home_cubit.dart
DA:12,1
DA:15,2
DA:17,1
DA:19,2
DA:21,4
DA:22,3
DA:24,1
DA:25,1
DA:26,1
DA:31,2
LF:10
LH:10
end_of_record
SF:lib/src/shared/models/transaction.dart
DA:16,0
DA:18,3
DA:27,6
DA:30,0
DA:38,0
DA:39,0
DA:40,0
DA:41,0
DA:42,0
DA:43,0
DA:44,0
DA:48,0
DA:49,0
DA:50,0
DA:51,0
DA:52,0
DA:53,0
DA:54,0
DA:55,0
DA:56,0
DA:60,0
DA:61,0
DA:62,0
DA:63,0
DA:64,0
DA:65,0
DA:66,0
DA:67,0
DA:70,0
DA:74,0
DA:76,0
DA:77,0
DA:79,1
DA:81,6
DA:83,0
DA:87,0
DA:88,0
DA:89,0
DA:90,0
DA:93,0
DA:94,0
LF:41
LH:4
end_of_record
SF:lib/src/home/home/home_state.dart
DA:7,1
DA:8,1
DA:19,2
DA:24,1
DA:25,1
DA:26,1
DA:27,1
LF:7
LH:7
end_of_record
SF:lib/src/authentication/login/login_bloc.dart
DA:10,3
DA:12,1
DA:17,2
DA:19,2
DA:24,3
DA:26,0
DA:27,0
LF:7
LH:5
end_of_record
SF:lib/src/authentication/login/login_state.dart
DA:11,1
LF:1
LH:1
end_of_record
SF:lib/src/app_controller.dart
DA:6,0
DA:8,0
DA:10,0
LF:3
LH:0
end_of_record
SF:lib/src/app_module.dart
DA:8,1
DA:9,1
DA:10,1
DA:11,0
DA:15,0
DA:16,0
DA:17,0
DA:19,0
DA:21,0
DA:23,0
LF:10
LH:3
end_of_record
SF:lib/src/authentication/authentication_module.dart
DA:15,0
DA:16,0
DA:17,0
DA:18,0
DA:20,0
DA:21,0
DA:22,0
DA:25,0
DA:26,0
DA:27,0
DA:30,0
DA:31,0
DA:32,0
DA:35,0
DA:36,0
DA:37,0
DA:42,0
DA:43,0
DA:44,0
DA:46,0
DA:48,0
DA:50,0
DA:52,0
DA:54,0
DA:56,0
DA:58,0
LF:26
LH:0
end_of_record
SF:lib/src/home/home_module.dart
DA:11,1
DA:12,1
DA:13,1
DA:14,0
DA:16,1
DA:17,0
DA:18,0
DA:22,1
DA:23,0
DA:24,0
DA:26,0
DA:31,0
DA:32,0
DA:33,0
DA:35,0
DA:37,0
DA:39,0
DA:40,0
DA:41,0
DA:42,0
LF:20
LH:5
end_of_record
SF:lib/src/authentication/create_account/create_account_bloc.dart
DA:11,0
DA:13,0
DA:15,0
DA:21,0
DA:23,0
DA:29,0
DA:30,0
DA:32,0
DA:36,0
DA:38,0
DA:39,0
LF:11
LH:0
end_of_record
SF:lib/src/authentication/login/login_page.dart
DA:11,3
DA:13,0
DA:14,0
DA:23,0
DA:25,0
DA:26,0
DA:27,0
DA:28,0
DA:29,0
DA:31,0
DA:35,0
DA:36,0
DA:37,0
DA:39,0
DA:43,0
DA:44,0
DA:46,0
DA:47,0
DA:50,0
DA:51,0
DA:53,0
DA:54,0
DA:55,0
DA:56,0
DA:60,0
DA:61,0
DA:65,0
DA:66,0
DA:67,0
DA:68,0
DA:69,0
DA:77,0
DA:78,0
DA:79,0
DA:86,0
DA:87,0
LF:36
LH:1
end_of_record
SF:lib/src/authentication/recovery_password/recovery_password_cubit.dart
DA:8,0
DA:10,0
DA:12,0
DA:14,0
DA:15,0
DA:16,0
DA:18,0
DA:19,0
LF:8
LH:0
end_of_record
SF:lib/src/authentication/recovery_password/recovery_password_page.dart
DA:12,3
DA:14,0
DA:15,0
DA:21,0
DA:23,0
DA:24,0
DA:27,0
DA:28,0
DA:29,0
DA:30,0
DA:31,0
DA:33,0
DA:37,0
DA:38,0
DA:39,0
DA:41,0
DA:46,0
DA:47,0
DA:48,0
DA:50,0
DA:53,0
DA:54,0
DA:55,0
DA:64,0
DA:66,0
DA:67,0
DA:68,0
DA:69,0
DA:72,0
DA:73,0
DA:74,0
DA:75,0
LF:32
LH:1
end_of_record
SF:lib/src/authentication/repository/repository_impl.dart
DA:8,0
DA:9,0
DA:10,0
DA:11,0
DA:17,0
DA:22,0
DA:23,0
DA:24,0
DA:28,0
DA:29,0
DA:31,0
DA:33,0
DA:44,0
DA:49,0
DA:55,0
DA:59,0
DA:62,0
DA:64,0
DA:66,0
DA:67,0
LF:20
LH:0
end_of_record
SF:lib/src/authentication/splash/splash_controller.dart
DA:10,0
DA:12,0
DA:13,0
DA:14,0
DA:17,0
DA:18,0
DA:29,0
DA:30,0
DA:33,0
DA:35,0
LF:10
LH:0
end_of_record
SF:lib/src/authentication/splash/splash_page.dart
DA:10,3
DA:12,0
DA:14,0
DA:15,0
DA:16,0
DA:17,0
DA:18,0
DA:19,0
DA:21,0
DA:22,0
DA:23,0
DA:26,0
DA:27,0
LF:13
LH:1
end_of_record
SF:lib/src/authentication/create_account/create_account_page.dart
DA:11,3
DA:13,0
DA:14,0
DA:23,0
DA:25,0
DA:26,0
DA:27,0
DA:28,0
DA:29,0
DA:30,0
DA:31,0
DA:34,0
DA:38,0
DA:39,0
DA:40,0
DA:42,0
DA:44,0
DA:45,0
DA:46,0
DA:48,0
DA:52,0
DA:54,0
DA:56,0
DA:57,0
DA:61,0
DA:62,0
DA:66,0
DA:67,0
DA:71,0
DA:72,0
DA:73,0
DA:74,0
DA:75,0
DA:76,0
LF:34
LH:1
end_of_record
SF:lib/src/authentication/create_account/widgets/create_account_error.dart
DA:4,3
DA:6,0
DA:8,0
DA:10,0
DA:11,0
DA:12,0
DA:14,0
DA:21,0
DA:22,0
DA:23,0
LF:10
LH:1
end_of_record
SF:lib/src/authentication/create_account/widgets/create_account_success.dart
DA:5,3
DA:7,0
DA:9,0
DA:11,0
DA:12,0
DA:13,0
DA:15,0
DA:22,0
DA:23,0
DA:24,0
DA:25,0
LF:11
LH:1
end_of_record
SF:lib/src/shared/widgets/create_account_error.dart
DA:5,6
DA:8,0
DA:10,0
DA:12,0
DA:13,0
DA:14,0
DA:16,0
DA:21,0
DA:23,0
DA:24,0
DA:25,0
LF:11
LH:1
end_of_record
SF:lib/src/shared/widgets/create_account_success.dart
DA:6,0
DA:10,0
DA:12,0
DA:14,0
DA:15,0
DA:16,0
DA:18,0
DA:23,0
DA:25,0
DA:26,0
LF:10
LH:0
end_of_record
SF:lib/src/authentication/splash/splash_state.dart
DA:10,0
LF:1
LH:0
end_of_record
SF:lib/src/home/create/create_transaction_cubit.dart
DA:14,0
DA:18,0
DA:20,0
DA:24,0
DA:28,0
DA:30,0
DA:31,0
DA:32,0
DA:33,0
DA:36,0
DA:37,0
DA:41,0
DA:42,0
DA:44,0
DA:46,0
DA:50,0
DA:54,0
DA:56,0
DA:57,0
DA:59,0
DA:61,0
LF:21
LH:0
end_of_record
SF:lib/src/home/create/create_transaction_state.dart
DA:2,0
DA:16,0
LF:2
LH:0
end_of_record
SF:lib/src/home/create/create_transaction_page.dart
DA:17,0
DA:23,0
DA:27,0
DA:28,0
DA:39,0
DA:40,0
DA:43,0
DA:44,0
DA:46,0
DA:47,0
DA:51,0
DA:53,0
DA:54,0
DA:55,0
DA:56,0
DA:59,0
DA:62,0
DA:65,0
DA:68,0
DA:69,0
DA:75,0
DA:77,0
DA:78,0
DA:79,0
DA:80,0
DA:81,0
DA:82,0
DA:84,0
DA:88,0
DA:89,0
DA:90,0
DA:91,0
DA:92,0
DA:93,0
DA:96,0
DA:97,0
DA:98,0
DA:99,0
DA:100,0
DA:101,0
DA:104,0
DA:106,0
DA:108,0
DA:109,0
DA:110,0
DA:111,0
DA:113,0
DA:114,0
DA:119,0
DA:120,0
DA:121,0
DA:123,0
DA:124,0
DA:127,0
DA:128,0
DA:129,0
DA:133,0
DA:134,0
DA:137,0
DA:138,0
DA:139,0
DA:144,0
DA:145,0
DA:146,0
DA:147,0
DA:149,0
DA:152,0
DA:155,0
DA:157,0
DA:158,0
DA:159,0
DA:160,0
DA:161,0
DA:162,0
DA:163,0
DA:164,0
DA:165,0
DA:169,0
DA:172,0
DA:173,0
LF:80
LH:0
end_of_record
SF:lib/src/home/home/home_page.dart
DA:13,4
DA:15,1
DA:16,1
DA:22,0
DA:23,0
DA:24,0
DA:26,0
DA:29,0
DA:32,1
DA:34,1
DA:35,1
DA:36,1
DA:37,4
DA:38,1
DA:39,0
DA:40,1
DA:41,1
DA:42,1
DA:46,1
DA:47,1
DA:49,1
DA:50,0
DA:54,1
DA:60,1
LF:24
LH:17
end_of_record
SF:lib/src/home/home/widgets/home_fab.dart
DA:9,3
DA:11,0
DA:13,1
DA:15,1
DA:18,1
DA:19,1
DA:21,0
DA:22,0
DA:24,0
DA:26,0
DA:29,0
DA:34,1
DA:36,0
DA:37,0
DA:39,0
DA:41,0
DA:44,0
LF:17
LH:6
end_of_record
SF:lib/src/home/home/widgets/home_state_success.dart
DA:12,1
DA:19,1
DA:20,1
DA:24,1
DA:26,1
DA:28,1
DA:29,2
DA:30,1
DA:31,1
DA:32,4
DA:33,1
DA:34,4
DA:36,1
DA:37,2
DA:38,2
DA:39,2
LF:16
LH:16
end_of_record
SF:lib/src/home/home/widgets/finance_widget.dart
DA:9,2
DA:12,2
DA:14,2
DA:15,6
DA:17,2
DA:18,6
DA:20,2
DA:21,10
DA:23,2
DA:24,10
DA:26,2
DA:27,10
DA:29,2
DA:31,2
DA:33,2
DA:35,2
DA:38,2
DA:39,2
DA:41,2
DA:42,2
DA:43,2
DA:44,2
DA:47,2
DA:48,2
DA:53,4
DA:56,2
DA:57,2
DA:58,4
DA:59,4
DA:64,2
DA:65,10
DA:70,2
DA:71,4
DA:72,6
DA:75,2
DA:76,4
DA:77,6
DA:80,2
DA:83,2
DA:84,2
DA:85,2
DA:86,6
LF:42
LH:42
end_of_record
SF:lib/src/home/home/widgets/home_header.dart
DA:7,1
DA:10,1
DA:14,1
DA:16,1
DA:17,1
DA:18,1
DA:23,1
DA:25,1
DA:27,1
DA:28,1
DA:29,5
DA:40,1
DA:41,1
DA:42,5
LF:14
LH:14
end_of_record
SF:lib/src/shared/utils/formatter.dart
DA:2,1
DA:3,2
DA:5,1
LF:3
LH:3
end_of_record
SF:lib/src/home/home/widgets/home_state_empty_widget.dart
DA:7,3
DA:9,0
DA:11,0
DA:13,0
DA:14,0
DA:16,0
DA:18,0
DA:19,0
LF:8
LH:1
end_of_record
SF:lib/src/home/home/widgets/home_state_success_with_filters.dart
DA:7,1
DA:12,1
DA:19,1
DA:21,1
DA:22,3
DA:23,1
DA:24,1
DA:25,1
DA:27,1
DA:28,1
DA:29,5
DA:30,1
DA:31,1
DA:33,2
DA:35,1
DA:37,1
DA:38,3
DA:43,1
DA:44,3
DA:52,1
DA:57,1
DA:63,1
DA:65,1
DA:68,1
DA:72,1
DA:73,0
DA:74,1
DA:75,2
DA:76,1
LF:29
LH:28
end_of_record
SF:lib/src/home/repository/home_repository_impl.dart
DA:7,0
DA:8,0
DA:9,0
DA:10,0
DA:12,0
DA:16,0
DA:18,0
DA:20,0
DA:25,0
DA:29,0
DA:31,0
DA:32,0
DA:33,0
DA:38,0
DA:42,0
DA:43,0
DA:46,0
DA:53,0
DA:55,0
DA:56,0
DA:59,0
DA:60,0
DA:63,0
DA:64,0
DA:68,0
DA:70,0
DA:71,0
DA:72,0
DA:73,0
DA:74,0
DA:78,0
DA:83,0
DA:88,0
DA:89,0
LF:34
LH:0
end_of_record
